2024-11-10 02:59:30 - INFO - Dictionary Combiner Started
2024-11-10 02:59:30 - INFO - Log file: SourceCode/Logs/Dict_Combiner_Logs\dict_combiner_20241110_025930.log
2024-11-10 02:59:30 - INFO - Platform: Windows 10 (Intel64 Family 6 Model 79 Stepping 1, GenuineIntel)
2024-11-10 02:59:30 - INFO - Total Memory: 63.92 GB
2024-11-10 02:59:30 - INFO - Configuration:
2024-11-10 02:59:30 - INFO - Input folder: SourceCode/Datasets_Filtered/length_8
2024-11-10 02:59:30 - INFO - Output file: SourceCode/Main_Dict/Main_Dict_8.txt
2024-11-10 02:59:30 - INFO - Found 46 text files in input folder
2024-11-10 02:59:34 - INFO - Successfully read 22844924 lines from: SourceCode/Datasets_Filtered/length_8\filtered_words_00000001.txt
2024-11-10 02:59:47 - INFO - Successfully read 4207590 lines from: SourceCode/Datasets_Filtered/length_8\filtered_words_00000002.txt
2024-11-10 02:59:57 - INFO - Successfully read 38538536 lines from: SourceCode/Datasets_Filtered/length_8\filtered_words_00000003.txt
2024-11-10 03:00:25 - INFO - Successfully read 36433121 lines from: SourceCode/Datasets_Filtered/length_8\filtered_words_00000004.txt
2024-11-10 03:00:53 - INFO - Successfully read 46585291 lines from: SourceCode/Datasets_Filtered/length_8\filtered_words_00000005.txt
2024-11-10 03:01:27 - INFO - Successfully read 47006490 lines from: SourceCode/Datasets_Filtered/length_8\filtered_words_00000006.txt
2024-11-10 03:02:01 - INFO - Successfully read 43980138 lines from: SourceCode/Datasets_Filtered/length_8\filtered_words_00000007.txt
2024-11-10 03:02:33 - INFO - Successfully read 44973679 lines from: SourceCode/Datasets_Filtered/length_8\filtered_words_00000008.txt
2024-11-10 03:03:06 - INFO - Successfully read 40607535 lines from: SourceCode/Datasets_Filtered/length_8\filtered_words_00000009.txt
2024-11-10 03:03:33 - INFO - Successfully read 25418745 lines from: SourceCode/Datasets_Filtered/length_8\filtered_words_00000010.txt
2024-11-10 03:03:47 - INFO - Processed 10/46 files. Total lines: 350596049
2024-11-10 03:03:51 - INFO - Successfully read 21128117 lines from: SourceCode/Datasets_Filtered/length_8\filtered_words_00000011.txt
2024-11-10 03:04:08 - INFO - Successfully read 26695568 lines from: SourceCode/Datasets_Filtered/length_8\filtered_words_00000012.txt
2024-11-10 03:04:28 - INFO - Successfully read 29562612 lines from: SourceCode/Datasets_Filtered/length_8\filtered_words_00000013.txt
2024-11-10 03:04:49 - INFO - Successfully read 27434927 lines from: SourceCode/Datasets_Filtered/length_8\filtered_words_00000014.txt
2024-11-10 03:05:11 - INFO - Successfully read 33451903 lines from: SourceCode/Datasets_Filtered/length_8\filtered_words_00000015.txt
2024-11-10 03:05:34 - INFO - Successfully read 29779748 lines from: SourceCode/Datasets_Filtered/length_8\filtered_words_00000016.txt
2024-11-10 03:05:56 - INFO - Successfully read 29296670 lines from: SourceCode/Datasets_Filtered/length_8\filtered_words_00000017.txt
2024-11-10 03:06:17 - INFO - Successfully read 28788503 lines from: SourceCode/Datasets_Filtered/length_8\filtered_words_00000018.txt
2024-11-10 03:06:38 - INFO - Successfully read 24384473 lines from: SourceCode/Datasets_Filtered/length_8\filtered_words_00000019.txt
2024-11-10 03:06:57 - INFO - Successfully read 30016905 lines from: SourceCode/Datasets_Filtered/length_8\filtered_words_00000020.txt
2024-11-10 03:07:13 - INFO - Processed 20/46 files. Total lines: 631135475
2024-11-10 03:07:20 - INFO - Successfully read 37103990 lines from: SourceCode/Datasets_Filtered/length_8\filtered_words_00000021.txt
2024-11-10 03:07:44 - INFO - Successfully read 21563537 lines from: SourceCode/Datasets_Filtered/length_8\filtered_words_00000022.txt
2024-11-10 03:08:01 - INFO - Successfully read 25767303 lines from: SourceCode/Datasets_Filtered/length_8\filtered_words_00000023.txt
2024-11-10 03:08:20 - INFO - Successfully read 23754597 lines from: SourceCode/Datasets_Filtered/length_8\filtered_words_00000024.txt
2024-11-10 03:08:38 - INFO - Successfully read 26435022 lines from: SourceCode/Datasets_Filtered/length_8\filtered_words_00000025.txt
2024-11-10 03:08:58 - INFO - Successfully read 25539670 lines from: SourceCode/Datasets_Filtered/length_8\filtered_words_00000026.txt
2024-11-10 03:09:17 - INFO - Successfully read 28284387 lines from: SourceCode/Datasets_Filtered/length_8\filtered_words_00000027.txt
2024-11-10 03:09:38 - INFO - Successfully read 28170821 lines from: SourceCode/Datasets_Filtered/length_8\filtered_words_00000028.txt
2024-11-10 03:10:00 - INFO - Successfully read 30528646 lines from: SourceCode/Datasets_Filtered/length_8\filtered_words_00000029.txt
2024-11-10 03:10:22 - INFO - Successfully read 29154159 lines from: SourceCode/Datasets_Filtered/length_8\filtered_words_00000030.txt
2024-11-10 03:10:39 - INFO - Processed 30/46 files. Total lines: 907437607
2024-11-10 03:10:44 - INFO - Successfully read 29652809 lines from: SourceCode/Datasets_Filtered/length_8\filtered_words_00000031.txt
2024-11-10 03:11:06 - INFO - Successfully read 31986648 lines from: SourceCode/Datasets_Filtered/length_8\filtered_words_00000032.txt
2024-11-10 03:11:28 - INFO - Successfully read 30650836 lines from: SourceCode/Datasets_Filtered/length_8\filtered_words_00000033.txt
2024-11-10 03:11:49 - INFO - Successfully read 29193609 lines from: SourceCode/Datasets_Filtered/length_8\filtered_words_00000034.txt
2024-11-10 03:12:07 - INFO - Successfully read 20666060 lines from: SourceCode/Datasets_Filtered/length_8\filtered_words_00000035.txt
2024-11-10 03:12:23 - INFO - Successfully read 30031107 lines from: SourceCode/Datasets_Filtered/length_8\filtered_words_00000036.txt
2024-11-10 03:12:43 - INFO - Successfully read 33866986 lines from: SourceCode/Datasets_Filtered/length_8\filtered_words_00000037.txt
2024-11-10 03:13:05 - INFO - Successfully read 25904664 lines from: SourceCode/Datasets_Filtered/length_8\filtered_words_00000038.txt
2024-11-10 03:13:24 - INFO - Successfully read 33344031 lines from: SourceCode/Datasets_Filtered/length_8\filtered_words_00000039.txt
2024-11-10 03:13:47 - INFO - Successfully read 26976359 lines from: SourceCode/Datasets_Filtered/length_8\filtered_words_00000040.txt
2024-11-10 03:14:03 - INFO - Processed 40/46 files. Total lines: 1199710716
2024-11-10 03:14:05 - INFO - Successfully read 21227762 lines from: SourceCode/Datasets_Filtered/length_8\filtered_words_00000041.txt
2024-11-10 03:14:20 - INFO - Successfully read 24435787 lines from: SourceCode/Datasets_Filtered/length_8\filtered_words_00000042.txt
2024-11-10 03:14:37 - INFO - Successfully read 28852068 lines from: SourceCode/Datasets_Filtered/length_8\filtered_words_00000043.txt
2024-11-10 03:14:57 - INFO - Successfully read 30461614 lines from: SourceCode/Datasets_Filtered/length_8\filtered_words_00000044.txt
2024-11-10 03:15:20 - INFO - Successfully read 40639966 lines from: SourceCode/Datasets_Filtered/length_8\filtered_words_00000045.txt
2024-11-10 03:15:45 - INFO - Successfully read 12401100 lines from: SourceCode/Datasets_Filtered/length_8\filtered_words_00000046.txt
2024-11-10 03:15:53 - INFO - ==================================================
2024-11-10 03:15:53 - INFO - Combination Complete
2024-11-10 03:15:53 - INFO - Total files processed: 46
2024-11-10 03:15:53 - INFO - Total lines written: 1357729013
2024-11-10 03:15:53 - INFO - Output file: SourceCode/Main_Dict/Main_Dict_8.txt
2024-11-10 03:15:53 - INFO - ==================================================
2024-11-10 03:15:53 - INFO - Dictionary Combiner completed successfully
