2024-11-10 02:40:04 - INFO - Dictionary Combiner Started
2024-11-10 02:40:04 - INFO - Log file: SourceCode/Logs/Dict_Combiner_Logs\dict_combiner_20241110_024004.log
2024-11-10 02:40:04 - INFO - Platform: Windows 10 (Intel64 Family 6 Model 79 Stepping 1, GenuineIntel)
2024-11-10 02:40:04 - INFO - Total Memory: 63.92 GB
2024-11-10 02:40:04 - INFO - Configuration:
2024-11-10 02:40:04 - INFO - Input folder: SourceCode/Datasets_Filtered/length_8
2024-11-10 02:40:04 - INFO - Output file: SourceCode/Main_Dict/combined_output.txt
2024-11-10 02:40:04 - INFO - Found 46 text files in input folder
2024-11-10 02:40:06 - INFO - Successfully read 22844924 lines from: SourceCode/Datasets_Filtered/length_8\filtered_words_00000001.txt
2024-11-10 02:40:26 - INFO - Successfully read 4207590 lines from: SourceCode/Datasets_Filtered/length_8\filtered_words_00000002.txt
2024-11-10 02:40:34 - INFO - Successfully read 38538536 lines from: SourceCode/Datasets_Filtered/length_8\filtered_words_00000003.txt
2024-11-10 02:41:12 - INFO - Successfully read 36433121 lines from: SourceCode/Datasets_Filtered/length_8\filtered_words_00000004.txt
2024-11-10 02:41:54 - INFO - Successfully read 46585291 lines from: SourceCode/Datasets_Filtered/length_8\filtered_words_00000005.txt
2024-11-10 02:42:40 - INFO - Successfully read 47006490 lines from: SourceCode/Datasets_Filtered/length_8\filtered_words_00000006.txt
2024-11-10 02:43:34 - INFO - Successfully read 43980138 lines from: SourceCode/Datasets_Filtered/length_8\filtered_words_00000007.txt
2024-11-10 02:44:21 - INFO - Successfully read 44973679 lines from: SourceCode/Datasets_Filtered/length_8\filtered_words_00000008.txt
2024-11-10 02:45:11 - INFO - Successfully read 40607535 lines from: SourceCode/Datasets_Filtered/length_8\filtered_words_00000009.txt
2024-11-10 02:45:55 - INFO - Successfully read 25418745 lines from: SourceCode/Datasets_Filtered/length_8\filtered_words_00000010.txt
2024-11-10 02:46:19 - INFO - Processed 10/46 files. Total unique lines: 294933876
2024-11-10 02:46:26 - INFO - Successfully read 21128117 lines from: SourceCode/Datasets_Filtered/length_8\filtered_words_00000011.txt
2024-11-10 02:46:54 - INFO - Successfully read 26695568 lines from: SourceCode/Datasets_Filtered/length_8\filtered_words_00000012.txt
2024-11-10 02:47:48 - INFO - Successfully read 29562612 lines from: SourceCode/Datasets_Filtered/length_8\filtered_words_00000013.txt
2024-11-10 02:48:24 - INFO - Successfully read 27434927 lines from: SourceCode/Datasets_Filtered/length_8\filtered_words_00000014.txt
2024-11-10 02:48:57 - INFO - Successfully read 33451903 lines from: SourceCode/Datasets_Filtered/length_8\filtered_words_00000015.txt
2024-11-10 02:49:37 - INFO - Successfully read 29779748 lines from: SourceCode/Datasets_Filtered/length_8\filtered_words_00000016.txt
2024-11-10 02:50:13 - INFO - Successfully read 29296670 lines from: SourceCode/Datasets_Filtered/length_8\filtered_words_00000017.txt
2024-11-10 02:50:48 - INFO - Successfully read 28788503 lines from: SourceCode/Datasets_Filtered/length_8\filtered_words_00000018.txt
2024-11-10 02:51:24 - INFO - Successfully read 24384473 lines from: SourceCode/Datasets_Filtered/length_8\filtered_words_00000019.txt
2024-11-10 02:51:57 - INFO - Successfully read 30016905 lines from: SourceCode/Datasets_Filtered/length_8\filtered_words_00000020.txt
2024-11-10 02:52:29 - INFO - Processed 20/46 files. Total unique lines: 543497786
2024-11-10 02:52:41 - INFO - Successfully read 37103990 lines from: SourceCode/Datasets_Filtered/length_8\filtered_words_00000021.txt
2024-11-10 02:53:24 - INFO - Successfully read 21563537 lines from: SourceCode/Datasets_Filtered/length_8\filtered_words_00000022.txt
2024-11-10 02:53:53 - INFO - Successfully read 25767303 lines from: SourceCode/Datasets_Filtered/length_8\filtered_words_00000023.txt
2024-11-10 02:54:24 - INFO - Successfully read 23754597 lines from: SourceCode/Datasets_Filtered/length_8\filtered_words_00000024.txt
2024-11-10 02:54:55 - INFO - Successfully read 26435022 lines from: SourceCode/Datasets_Filtered/length_8\filtered_words_00000025.txt
2024-11-10 02:55:11 - ERROR - Error processing file filtered_words_00000025.txt: 
2024-11-10 02:55:16 - INFO - Successfully read 25539670 lines from: SourceCode/Datasets_Filtered/length_8\filtered_words_00000026.txt
2024-11-10 02:55:16 - ERROR - Error processing file filtered_words_00000026.txt: 
2024-11-10 02:55:21 - INFO - Successfully read 28284387 lines from: SourceCode/Datasets_Filtered/length_8\filtered_words_00000027.txt
2024-11-10 02:55:22 - ERROR - Error processing file filtered_words_00000027.txt: 
2024-11-10 02:55:27 - INFO - Successfully read 28170821 lines from: SourceCode/Datasets_Filtered/length_8\filtered_words_00000028.txt
2024-11-10 02:55:28 - ERROR - Error processing file filtered_words_00000028.txt: 
2024-11-10 02:55:34 - INFO - Successfully read 30528646 lines from: SourceCode/Datasets_Filtered/length_8\filtered_words_00000029.txt
2024-11-10 02:55:34 - ERROR - Error processing file filtered_words_00000029.txt: 
2024-11-10 02:55:40 - INFO - Successfully read 29154159 lines from: SourceCode/Datasets_Filtered/length_8\filtered_words_00000030.txt
2024-11-10 02:55:40 - ERROR - Error processing file filtered_words_00000030.txt: 
2024-11-10 02:55:46 - INFO - Successfully read 29652809 lines from: SourceCode/Datasets_Filtered/length_8\filtered_words_00000031.txt
2024-11-10 02:55:46 - ERROR - Error processing file filtered_words_00000031.txt: 
2024-11-10 02:55:52 - INFO - Successfully read 31986648 lines from: SourceCode/Datasets_Filtered/length_8\filtered_words_00000032.txt
2024-11-10 02:55:53 - ERROR - Error processing file filtered_words_00000032.txt: 
2024-11-10 02:55:59 - INFO - Successfully read 30650836 lines from: SourceCode/Datasets_Filtered/length_8\filtered_words_00000033.txt
2024-11-10 02:56:00 - ERROR - Error processing file filtered_words_00000033.txt: 
2024-11-10 02:56:05 - INFO - Successfully read 29193609 lines from: SourceCode/Datasets_Filtered/length_8\filtered_words_00000034.txt
2024-11-10 02:56:06 - ERROR - Error processing file filtered_words_00000034.txt: 
2024-11-10 02:56:10 - INFO - Successfully read 20666060 lines from: SourceCode/Datasets_Filtered/length_8\filtered_words_00000035.txt
2024-11-10 02:56:10 - ERROR - Error processing file filtered_words_00000035.txt: 
2024-11-10 02:56:16 - INFO - Successfully read 30031107 lines from: SourceCode/Datasets_Filtered/length_8\filtered_words_00000036.txt
2024-11-10 02:56:16 - ERROR - Error processing file filtered_words_00000036.txt: 
2024-11-10 02:56:23 - INFO - Successfully read 33866986 lines from: SourceCode/Datasets_Filtered/length_8\filtered_words_00000037.txt
2024-11-10 02:56:24 - ERROR - Error processing file filtered_words_00000037.txt: 
2024-11-10 02:56:28 - INFO - Successfully read 25904664 lines from: SourceCode/Datasets_Filtered/length_8\filtered_words_00000038.txt
2024-11-10 02:56:29 - ERROR - Error processing file filtered_words_00000038.txt: 
2024-11-10 02:56:35 - INFO - Successfully read 33344031 lines from: SourceCode/Datasets_Filtered/length_8\filtered_words_00000039.txt
2024-11-10 02:56:36 - ERROR - Error processing file filtered_words_00000039.txt: 
2024-11-10 02:56:41 - INFO - Successfully read 26976359 lines from: SourceCode/Datasets_Filtered/length_8\filtered_words_00000040.txt
2024-11-10 02:56:41 - ERROR - Error processing file filtered_words_00000040.txt: 
2024-11-10 02:56:45 - INFO - Successfully read 21227762 lines from: SourceCode/Datasets_Filtered/length_8\filtered_words_00000041.txt
2024-11-10 02:56:46 - ERROR - Error processing file filtered_words_00000041.txt: 
2024-11-10 02:56:50 - INFO - Successfully read 24435787 lines from: SourceCode/Datasets_Filtered/length_8\filtered_words_00000042.txt
2024-11-10 02:56:51 - ERROR - Error processing file filtered_words_00000042.txt: 
2024-11-10 02:56:56 - INFO - Successfully read 28852068 lines from: SourceCode/Datasets_Filtered/length_8\filtered_words_00000043.txt
2024-11-10 02:56:57 - ERROR - Error processing file filtered_words_00000043.txt: 
2024-11-10 02:57:03 - INFO - Successfully read 30461614 lines from: SourceCode/Datasets_Filtered/length_8\filtered_words_00000044.txt
2024-11-10 02:57:03 - ERROR - Error processing file filtered_words_00000044.txt: 
2024-11-10 02:57:11 - INFO - Successfully read 40639966 lines from: SourceCode/Datasets_Filtered/length_8\filtered_words_00000045.txt
2024-11-10 02:57:12 - ERROR - Error processing file filtered_words_00000045.txt: 
2024-11-10 02:57:14 - INFO - Successfully read 12401100 lines from: SourceCode/Datasets_Filtered/length_8\filtered_words_00000046.txt
2024-11-10 02:57:15 - ERROR - Error processing file filtered_words_00000046.txt: 
2024-11-10 02:57:15 - INFO - ==================================================
2024-11-10 02:57:15 - INFO - Combination Complete
2024-11-10 02:57:15 - INFO - Total files processed: 24
2024-11-10 02:57:15 - INFO - Total unique lines written: 644245093
2024-11-10 02:57:15 - INFO - Output file: SourceCode/Main_Dict/combined_output.txt
2024-11-10 02:57:15 - INFO - ==================================================
