2024-11-10 22:58:37 - INFO - Dictionary Combiner Started
2024-11-10 22:58:37 - INFO - Log file: SourceCode/Logs/Dict_Combiner_Logs\dict_combiner_20241110_225837.log
2024-11-10 22:58:37 - INFO - Platform: Windows 10 (Intel64 Family 6 Model 79 Stepping 1, GenuineIntel)
2024-11-10 22:58:37 - INFO - Total Memory: 63.92 GB
2024-11-10 22:58:37 - INFO - Configuration:
2024-11-10 22:58:37 - INFO - Input folder: SourceCode\Datasets_Filtered\length_5
2024-11-10 22:58:37 - INFO - Output file: SourceCode/Main_Dict/Main_Dict_5.txt
2024-11-10 22:58:37 - INFO - Found 46 text files in input folder
2024-11-10 22:58:37 - INFO - Successfully read 89306 lines from: SourceCode\Datasets_Filtered\length_5\filtered_words_00000001.txt
2024-11-10 22:58:37 - INFO - Successfully read 12406 lines from: SourceCode\Datasets_Filtered\length_5\filtered_words_00000002.txt
2024-11-10 22:58:37 - INFO - Successfully read 190313 lines from: SourceCode\Datasets_Filtered\length_5\filtered_words_00000003.txt
2024-11-10 22:58:37 - INFO - Successfully read 233619 lines from: SourceCode\Datasets_Filtered\length_5\filtered_words_00000004.txt
2024-11-10 22:58:37 - INFO - Successfully read 315086 lines from: SourceCode\Datasets_Filtered\length_5\filtered_words_00000005.txt
2024-11-10 22:58:37 - INFO - Successfully read 230486 lines from: SourceCode\Datasets_Filtered\length_5\filtered_words_00000006.txt
2024-11-10 22:58:38 - INFO - Successfully read 276446 lines from: SourceCode\Datasets_Filtered\length_5\filtered_words_00000007.txt
2024-11-10 22:58:38 - INFO - Successfully read 203077 lines from: SourceCode\Datasets_Filtered\length_5\filtered_words_00000008.txt
2024-11-10 22:58:38 - INFO - Successfully read 271163 lines from: SourceCode\Datasets_Filtered\length_5\filtered_words_00000009.txt
2024-11-10 22:58:38 - INFO - Successfully read 158906 lines from: SourceCode\Datasets_Filtered\length_5\filtered_words_00000010.txt
2024-11-10 22:58:38 - INFO - Processed 10/46 files. Total lines: 1980808
2024-11-10 22:58:38 - INFO - Successfully read 108860 lines from: SourceCode\Datasets_Filtered\length_5\filtered_words_00000011.txt
2024-11-10 22:58:38 - INFO - Successfully read 178653 lines from: SourceCode\Datasets_Filtered\length_5\filtered_words_00000012.txt
2024-11-10 22:58:39 - INFO - Successfully read 212983 lines from: SourceCode\Datasets_Filtered\length_5\filtered_words_00000013.txt
2024-11-10 22:58:39 - INFO - Successfully read 224112 lines from: SourceCode\Datasets_Filtered\length_5\filtered_words_00000014.txt
2024-11-10 22:58:39 - INFO - Successfully read 271506 lines from: SourceCode\Datasets_Filtered\length_5\filtered_words_00000015.txt
2024-11-10 22:58:39 - INFO - Successfully read 208151 lines from: SourceCode\Datasets_Filtered\length_5\filtered_words_00000016.txt
2024-11-10 22:58:39 - INFO - Successfully read 226972 lines from: SourceCode\Datasets_Filtered\length_5\filtered_words_00000017.txt
2024-11-10 22:58:40 - INFO - Successfully read 239718 lines from: SourceCode\Datasets_Filtered\length_5\filtered_words_00000018.txt
2024-11-10 22:58:40 - INFO - Successfully read 151421 lines from: SourceCode\Datasets_Filtered\length_5\filtered_words_00000019.txt
2024-11-10 22:58:40 - INFO - Successfully read 265777 lines from: SourceCode\Datasets_Filtered\length_5\filtered_words_00000020.txt
2024-11-10 22:58:40 - INFO - Processed 20/46 files. Total lines: 4068961
2024-11-10 22:58:40 - INFO - Successfully read 408195 lines from: SourceCode\Datasets_Filtered\length_5\filtered_words_00000021.txt
2024-11-10 22:58:40 - INFO - Successfully read 183758 lines from: SourceCode\Datasets_Filtered\length_5\filtered_words_00000022.txt
2024-11-10 22:58:40 - INFO - Successfully read 218375 lines from: SourceCode\Datasets_Filtered\length_5\filtered_words_00000023.txt
2024-11-10 22:58:41 - INFO - Successfully read 179257 lines from: SourceCode\Datasets_Filtered\length_5\filtered_words_00000024.txt
2024-11-10 22:58:41 - INFO - Successfully read 201185 lines from: SourceCode\Datasets_Filtered\length_5\filtered_words_00000025.txt
2024-11-10 22:58:41 - INFO - Successfully read 209586 lines from: SourceCode\Datasets_Filtered\length_5\filtered_words_00000026.txt
2024-11-10 22:58:41 - INFO - Successfully read 257926 lines from: SourceCode\Datasets_Filtered\length_5\filtered_words_00000027.txt
2024-11-10 22:58:41 - INFO - Successfully read 336306 lines from: SourceCode\Datasets_Filtered\length_5\filtered_words_00000028.txt
2024-11-10 22:58:42 - INFO - Successfully read 280919 lines from: SourceCode\Datasets_Filtered\length_5\filtered_words_00000029.txt
2024-11-10 22:58:42 - INFO - Successfully read 261501 lines from: SourceCode\Datasets_Filtered\length_5\filtered_words_00000030.txt
2024-11-10 22:58:42 - INFO - Processed 30/46 files. Total lines: 6605969
2024-11-10 22:58:42 - INFO - Successfully read 352364 lines from: SourceCode\Datasets_Filtered\length_5\filtered_words_00000031.txt
2024-11-10 22:58:42 - INFO - Successfully read 279892 lines from: SourceCode\Datasets_Filtered\length_5\filtered_words_00000032.txt
2024-11-10 22:58:43 - INFO - Successfully read 251232 lines from: SourceCode\Datasets_Filtered\length_5\filtered_words_00000033.txt
2024-11-10 22:58:43 - INFO - Successfully read 216820 lines from: SourceCode\Datasets_Filtered\length_5\filtered_words_00000034.txt
2024-11-10 22:58:43 - INFO - Successfully read 119277 lines from: SourceCode\Datasets_Filtered\length_5\filtered_words_00000035.txt
2024-11-10 22:58:43 - INFO - Successfully read 256388 lines from: SourceCode\Datasets_Filtered\length_5\filtered_words_00000036.txt
2024-11-10 22:58:43 - INFO - Successfully read 362313 lines from: SourceCode\Datasets_Filtered\length_5\filtered_words_00000037.txt
2024-11-10 22:58:44 - INFO - Successfully read 186568 lines from: SourceCode\Datasets_Filtered\length_5\filtered_words_00000038.txt
2024-11-10 22:58:44 - INFO - Successfully read 324218 lines from: SourceCode\Datasets_Filtered\length_5\filtered_words_00000039.txt
2024-11-10 22:58:44 - INFO - Successfully read 202495 lines from: SourceCode\Datasets_Filtered\length_5\filtered_words_00000040.txt
2024-11-10 22:58:44 - INFO - Processed 40/46 files. Total lines: 9157536
2024-11-10 22:58:44 - INFO - Successfully read 148360 lines from: SourceCode\Datasets_Filtered\length_5\filtered_words_00000041.txt
2024-11-10 22:58:44 - INFO - Successfully read 199393 lines from: SourceCode\Datasets_Filtered\length_5\filtered_words_00000042.txt
2024-11-10 22:58:44 - INFO - Successfully read 334750 lines from: SourceCode\Datasets_Filtered\length_5\filtered_words_00000043.txt
2024-11-10 22:58:45 - INFO - Successfully read 295779 lines from: SourceCode\Datasets_Filtered\length_5\filtered_words_00000044.txt
2024-11-10 22:58:45 - INFO - Successfully read 503544 lines from: SourceCode\Datasets_Filtered\length_5\filtered_words_00000045.txt
2024-11-10 22:58:45 - INFO - Successfully read 112509 lines from: SourceCode\Datasets_Filtered\length_5\filtered_words_00000046.txt
2024-11-10 22:58:45 - INFO - ==================================================
2024-11-10 22:58:45 - INFO - Combination Complete
2024-11-10 22:58:45 - INFO - Total files processed: 46
2024-11-10 22:58:45 - INFO - Total lines written: 10751871
2024-11-10 22:58:45 - INFO - Output file: SourceCode/Main_Dict/Main_Dict_5.txt
2024-11-10 22:58:45 - INFO - ==================================================
2024-11-10 22:58:45 - INFO - Dictionary Combiner completed successfully
