2024-11-10 01:41:07 - INFO - Logging initialized
2024-11-10 01:41:07 - INFO - Log file created at: SourceCode/Logs/RNN_Generation_Logs\rnn_generation_20241110_014107.log
2024-11-10 01:41:07 - INFO - ==================================================
2024-11-10 01:41:07 - INFO - SYSTEM INFORMATION
2024-11-10 01:41:07 - INFO - ==================================================
2024-11-10 01:41:07 - INFO - 
Python Environment:
2024-11-10 01:41:07 - INFO - Python Version: 3.12.3 (tags/v3.12.3:f6650f9, Apr  9 2024, 14:05:25) [MSC v.1938 64 bit (AMD64)]
2024-11-10 01:41:07 - INFO - Python Implementation: CPython
2024-11-10 01:41:07 - INFO - 
Operating System:
2024-11-10 01:41:07 - INFO - System: Windows
2024-11-10 01:41:07 - INFO - Release: 10
2024-11-10 01:41:07 - INFO - Version: 10.0.19045
2024-11-10 01:41:07 - INFO - Machine: AMD64
2024-11-10 01:41:07 - INFO - Processor: Intel64 Family 6 Model 79 Stepping 1, GenuineIntel
2024-11-10 01:41:09 - INFO - 
CPU Information:
2024-11-10 01:41:09 - INFO - CPU Brand: Intel(R) Xeon(R) CPU E5-2680 v4 @ 2.40GHz
2024-11-10 01:41:09 - INFO - CPU Cores (Physical): 28
2024-11-10 01:41:09 - INFO - CPU Cores (Logical): 56
2024-11-10 01:41:09 - INFO - 
Memory Information:
2024-11-10 01:41:09 - INFO - Total Memory: 63.92 GB
2024-11-10 01:41:09 - INFO - Available Memory: 50.35 GB
2024-11-10 01:41:09 - INFO - Memory Usage: 21.2%
2024-11-10 01:41:09 - INFO - 
GPU Information:
2024-11-10 01:41:09 - INFO - 
GPU 0:
2024-11-10 01:41:09 - INFO - Name: NVIDIA GeForce RTX 3070 Ti
2024-11-10 01:41:09 - INFO - CUDA Version: 12.4
2024-11-10 01:41:09 - INFO - Total Memory: 8191.50 MB
2024-11-10 01:41:09 - INFO - CUDA Capability: 8.6
2024-11-10 01:41:09 - INFO - 
PyTorch Information:
2024-11-10 01:41:09 - INFO - PyTorch Version: 2.4.1+cu124
2024-11-10 01:41:09 - INFO - CUDA Available: True
2024-11-10 01:41:09 - INFO - CUDA Device Count: 1
2024-11-10 01:41:09 - INFO - 
Installed Dependencies:
2024-11-10 01:41:09 - INFO - asttokens: 2.4.1
2024-11-10 01:41:09 - INFO - colorama: 0.4.6
2024-11-10 01:41:09 - INFO - comm: 0.2.2
2024-11-10 01:41:09 - INFO - debugpy: 1.8.7
2024-11-10 01:41:09 - INFO - decorator: 5.1.1
2024-11-10 01:41:09 - INFO - executing: 2.1.0
2024-11-10 01:41:09 - INFO - filelock: 3.13.1
2024-11-10 01:41:09 - INFO - fsspec: 2024.2.0
2024-11-10 01:41:09 - INFO - ipykernel: 6.29.5
2024-11-10 01:41:09 - INFO - ipython: 8.28.0
2024-11-10 01:41:09 - INFO - jedi: 0.19.1
2024-11-10 01:41:09 - INFO - jinja2: 3.1.3
2024-11-10 01:41:09 - INFO - jupyter-client: 8.6.3
2024-11-10 01:41:09 - INFO - jupyter-core: 5.7.2
2024-11-10 01:41:09 - INFO - markupsafe: 2.1.5
2024-11-10 01:41:09 - INFO - matplotlib-inline: 0.1.7
2024-11-10 01:41:09 - INFO - mpmath: 1.3.0
2024-11-10 01:41:09 - INFO - nest-asyncio: 1.6.0
2024-11-10 01:41:09 - INFO - networkx: 3.2.1
2024-11-10 01:41:09 - INFO - numpy: 1.26.3
2024-11-10 01:41:09 - INFO - packaging: 24.1
2024-11-10 01:41:09 - INFO - parso: 0.8.4
2024-11-10 01:41:09 - INFO - pillow: 10.2.0
2024-11-10 01:41:09 - INFO - pip: 24.0
2024-11-10 01:41:09 - INFO - platformdirs: 4.3.6
2024-11-10 01:41:09 - INFO - prompt-toolkit: 3.0.48
2024-11-10 01:41:09 - INFO - psutil: 6.1.0
2024-11-10 01:41:09 - INFO - pure-eval: 0.2.3
2024-11-10 01:41:09 - INFO - py-cpuinfo: 9.0.0
2024-11-10 01:41:09 - INFO - pygments: 2.18.0
2024-11-10 01:41:09 - INFO - pyqt5: 5.15.11
2024-11-10 01:41:09 - INFO - pyqt5-qt5: 5.15.2
2024-11-10 01:41:09 - INFO - pyqt5-sip: 12.15.0
2024-11-10 01:41:09 - INFO - python-dateutil: 2.9.0.post0
2024-11-10 01:41:09 - INFO - pywin32: 308
2024-11-10 01:41:09 - INFO - pyzmq: 26.2.0
2024-11-10 01:41:09 - INFO - setuptools: 70.0.0
2024-11-10 01:41:09 - INFO - six: 1.16.0
2024-11-10 01:41:09 - INFO - stack-data: 0.6.3
2024-11-10 01:41:09 - INFO - sympy: 1.12
2024-11-10 01:41:09 - INFO - torch: 2.4.1+cu124
2024-11-10 01:41:09 - INFO - torchaudio: 2.4.1+cu124
2024-11-10 01:41:09 - INFO - torchvision: 0.19.1+cu124
2024-11-10 01:41:09 - INFO - tornado: 6.4.1
2024-11-10 01:41:09 - INFO - tqdm: 4.66.5
2024-11-10 01:41:09 - INFO - traitlets: 5.14.3
2024-11-10 01:41:09 - INFO - typing-extensions: 4.9.0
2024-11-10 01:41:09 - INFO - wcwidth: 0.2.13
2024-11-10 01:41:09 - INFO - ==================================================
2024-11-10 01:41:09 - WARNING - Total time was 0, couldn't calculate words per second
2024-11-10 01:41:09 - INFO - === Performance Summary ===
2024-11-10 01:41:09 - INFO - Total time: 0.00 seconds
2024-11-10 01:41:09 - INFO - Total words generated: 0
2024-11-10 01:41:09 - INFO - ==================================================
2024-11-10 01:41:09 - INFO - PERFORMANCE METRICS
2024-11-10 01:41:09 - INFO - ==================================================
2024-11-10 01:41:09 - INFO - 
Overall Performance:
2024-11-10 01:41:09 - INFO - Total Execution Time: 0.00 seconds
2024-11-10 01:41:09 - INFO - Total Words Generated: 0
2024-11-10 01:41:09 - INFO - Average Generation Speed: N/A (no time elapsed)
2024-11-10 01:41:09 - INFO - 
Memory Usage:
2024-11-10 01:41:09 - INFO - Current Memory Usage: 21.2%
2024-11-10 01:41:09 - INFO - 
GPU Memory Usage:
2024-11-10 01:41:09 - INFO - GPU 0:
2024-11-10 01:41:09 - INFO -   Allocated: 0.00 MB
2024-11-10 01:41:09 - INFO -   Reserved: 0.00 MB
2024-11-10 01:41:09 - INFO - ==================================================
2024-11-10 01:41:09 - INFO - Total runtime: 0.01 seconds
2024-11-10 01:41:09 - INFO - Generation process completed
