2024-11-10 02:18:59 - INFO - Logging initialized. Log file: SourceCode/Logs/RNN_Generation_Logs\rnn_generation_20241110_021859.log
2024-11-10 02:18:59 - INFO - Using device: cuda
2024-11-10 02:18:59 - INFO - Character mappings loaded successfully
2024-11-10 02:18:59 - INFO - Model loaded successfully
2024-11-10 02:18:59 - INFO - Starting generation for character 'A'
2024-11-10 02:19:00 - INFO - Completed generation for 'A'. Generated 10 words
2024-11-10 02:19:00 - INFO - Starting generation for character 'B'
2024-11-10 02:19:00 - INFO - Completed generation for 'B'. Generated 10 words
2024-11-10 02:19:00 - INFO - Starting generation for character 'C'
2024-11-10 02:19:00 - INFO - Completed generation for 'C'. Generated 10 words
2024-11-10 02:19:00 - INFO - Starting generation for character 'D'
2024-11-10 02:19:00 - INFO - Completed generation for 'D'. Generated 10 words
2024-11-10 02:19:00 - INFO - Starting generation for character 'E'
2024-11-10 02:19:00 - INFO - Completed generation for 'E'. Generated 10 words
2024-11-10 02:19:00 - INFO - Starting generation for character 'F'
2024-11-10 02:19:00 - INFO - Completed generation for 'F'. Generated 10 words
2024-11-10 02:19:00 - INFO - Starting generation for character 'G'
2024-11-10 02:19:00 - INFO - Completed generation for 'G'. Generated 10 words
2024-11-10 02:19:00 - INFO - Starting generation for character 'H'
2024-11-10 02:19:00 - INFO - Completed generation for 'H'. Generated 10 words
2024-11-10 02:19:00 - INFO - Starting generation for character 'I'
2024-11-10 02:19:00 - INFO - Completed generation for 'I'. Generated 10 words
2024-11-10 02:19:00 - INFO - Starting generation for character 'J'
2024-11-10 02:19:00 - INFO - Completed generation for 'J'. Generated 10 words
2024-11-10 02:19:00 - INFO - Starting generation for character 'K'
2024-11-10 02:19:00 - INFO - Completed generation for 'K'. Generated 10 words
2024-11-10 02:19:00 - INFO - Starting generation for character 'L'
2024-11-10 02:19:00 - INFO - Completed generation for 'L'. Generated 10 words
2024-11-10 02:19:00 - INFO - Starting generation for character 'M'
2024-11-10 02:19:00 - INFO - Completed generation for 'M'. Generated 10 words
2024-11-10 02:19:00 - INFO - Starting generation for character 'N'
2024-11-10 02:19:00 - INFO - Completed generation for 'N'. Generated 10 words
2024-11-10 02:19:00 - INFO - Starting generation for character 'O'
2024-11-10 02:19:00 - INFO - Completed generation for 'O'. Generated 10 words
2024-11-10 02:19:00 - INFO - Starting generation for character 'P'
2024-11-10 02:19:00 - INFO - Completed generation for 'P'. Generated 10 words
2024-11-10 02:19:00 - INFO - Starting generation for character 'Q'
2024-11-10 02:19:00 - INFO - Completed generation for 'Q'. Generated 10 words
2024-11-10 02:19:00 - INFO - Starting generation for character 'R'
2024-11-10 02:19:00 - INFO - Completed generation for 'R'. Generated 10 words
2024-11-10 02:19:00 - INFO - Starting generation for character 'S'
2024-11-10 02:19:00 - INFO - Completed generation for 'S'. Generated 10 words
2024-11-10 02:19:00 - INFO - Starting generation for character 'T'
2024-11-10 02:19:00 - INFO - Completed generation for 'T'. Generated 10 words
2024-11-10 02:19:00 - INFO - Starting generation for character 'U'
2024-11-10 02:19:01 - INFO - Completed generation for 'U'. Generated 10 words
2024-11-10 02:19:01 - INFO - Starting generation for character 'V'
2024-11-10 02:19:01 - INFO - Completed generation for 'V'. Generated 10 words
2024-11-10 02:19:01 - INFO - Starting generation for character 'W'
2024-11-10 02:19:01 - INFO - Completed generation for 'W'. Generated 10 words
2024-11-10 02:19:01 - INFO - Starting generation for character 'X'
2024-11-10 02:19:01 - INFO - Completed generation for 'X'. Generated 10 words
2024-11-10 02:19:01 - INFO - Starting generation for character 'Y'
2024-11-10 02:19:01 - INFO - Completed generation for 'Y'. Generated 10 words
2024-11-10 02:19:01 - INFO - Starting generation for character 'Z'
2024-11-10 02:19:01 - INFO - Completed generation for 'Z'. Generated 10 words
2024-11-10 02:19:01 - INFO - Starting generation for character 'a'
2024-11-10 02:19:01 - INFO - Sample generated word: anguita1
2024-11-10 02:19:01 - INFO - Completed generation for 'a'. Generated 10 words
2024-11-10 02:19:01 - INFO - Starting generation for character 'b'
2024-11-10 02:19:01 - INFO - Completed generation for 'b'. Generated 10 words
2024-11-10 02:19:01 - INFO - Starting generation for character 'c'
2024-11-10 02:19:01 - INFO - Completed generation for 'c'. Generated 10 words
2024-11-10 02:19:01 - INFO - Starting generation for character 'd'
2024-11-10 02:19:01 - INFO - Completed generation for 'd'. Generated 10 words
2024-11-10 02:19:01 - INFO - Starting generation for character 'e'
2024-11-10 02:19:01 - INFO - Completed generation for 'e'. Generated 10 words
2024-11-10 02:19:01 - INFO - Starting generation for character 'f'
2024-11-10 02:19:01 - INFO - Completed generation for 'f'. Generated 10 words
2024-11-10 02:19:01 - INFO - Starting generation for character 'g'
2024-11-10 02:19:01 - INFO - Completed generation for 'g'. Generated 10 words
2024-11-10 02:19:01 - INFO - Starting generation for character 'h'
2024-11-10 02:19:01 - INFO - Completed generation for 'h'. Generated 10 words
2024-11-10 02:19:01 - INFO - Starting generation for character 'i'
2024-11-10 02:19:01 - INFO - Completed generation for 'i'. Generated 10 words
2024-11-10 02:19:01 - INFO - Starting generation for character 'j'
2024-11-10 02:19:01 - INFO - Completed generation for 'j'. Generated 10 words
2024-11-10 02:19:01 - INFO - Starting generation for character 'k'
2024-11-10 02:19:01 - INFO - Completed generation for 'k'. Generated 10 words
2024-11-10 02:19:01 - INFO - Starting generation for character 'l'
2024-11-10 02:19:01 - INFO - Completed generation for 'l'. Generated 10 words
2024-11-10 02:19:01 - INFO - Starting generation for character 'm'
2024-11-10 02:19:01 - INFO - Completed generation for 'm'. Generated 10 words
2024-11-10 02:19:01 - INFO - Starting generation for character 'n'
2024-11-10 02:19:01 - INFO - Completed generation for 'n'. Generated 10 words
2024-11-10 02:19:01 - INFO - Starting generation for character 'o'
2024-11-10 02:19:02 - INFO - Completed generation for 'o'. Generated 10 words
2024-11-10 02:19:02 - INFO - Starting generation for character 'p'
2024-11-10 02:19:02 - INFO - Completed generation for 'p'. Generated 10 words
2024-11-10 02:19:02 - INFO - Starting generation for character 'q'
2024-11-10 02:19:02 - INFO - Completed generation for 'q'. Generated 10 words
2024-11-10 02:19:02 - INFO - Starting generation for character 'r'
2024-11-10 02:19:02 - INFO - Completed generation for 'r'. Generated 10 words
2024-11-10 02:19:02 - INFO - Starting generation for character 's'
2024-11-10 02:19:02 - INFO - Completed generation for 's'. Generated 10 words
2024-11-10 02:19:02 - INFO - Starting generation for character 't'
2024-11-10 02:19:02 - INFO - Completed generation for 't'. Generated 10 words
2024-11-10 02:19:02 - INFO - Starting generation for character 'u'
2024-11-10 02:19:02 - INFO - Completed generation for 'u'. Generated 10 words
2024-11-10 02:19:02 - INFO - Starting generation for character 'v'
2024-11-10 02:19:02 - INFO - Sample generated word: vissandy
2024-11-10 02:19:02 - INFO - Completed generation for 'v'. Generated 10 words
2024-11-10 02:19:02 - INFO - Starting generation for character 'w'
2024-11-10 02:19:02 - INFO - Completed generation for 'w'. Generated 10 words
2024-11-10 02:19:02 - INFO - Starting generation for character 'x'
2024-11-10 02:19:02 - INFO - Completed generation for 'x'. Generated 10 words
2024-11-10 02:19:02 - INFO - Starting generation for character 'y'
2024-11-10 02:19:02 - INFO - Completed generation for 'y'. Generated 10 words
2024-11-10 02:19:02 - INFO - Starting generation for character 'z'
2024-11-10 02:19:02 - INFO - Sample generated word: zoereine
2024-11-10 02:19:02 - INFO - Completed generation for 'z'. Generated 10 words
2024-11-10 02:19:02 - INFO - Starting special characters generation
2024-11-10 02:19:02 - INFO - Generating words for special character '!'
2024-11-10 02:19:02 - INFO - Sample generated word: !ROBERT)
2024-11-10 02:19:02 - INFO - Generating words for special character '@'
2024-11-10 02:19:02 - INFO - Sample generated word: @nets123
2024-11-10 02:19:02 - INFO - Generating words for special character '#'
2024-11-10 02:19:02 - INFO - Generating words for special character '$'
2024-11-10 02:19:02 - INFO - Generating words for special character '%'
2024-11-10 02:19:02 - INFO - Generating words for special character '^'
2024-11-10 02:19:02 - INFO - Generating words for special character '&'
2024-11-10 02:19:02 - INFO - Generating words for special character '('
2024-11-10 02:19:02 - INFO - Generating words for special character ')'
2024-11-10 02:19:02 - INFO - Generating words for special character '_'
2024-11-10 02:19:03 - INFO - Generating words for special character '+'
2024-11-10 02:19:03 - INFO - Generating words for special character '-'
2024-11-10 02:19:03 - INFO - Generating words for special character '='
2024-11-10 02:19:03 - INFO - Completed special characters generation. Total words: 130
2024-11-10 02:19:03 - INFO - Word generation complete for all specified starting characters.
