2024-11-10 02:16:42 - INFO - Logging initialized. Log file: SourceCode/Logs/RNN_Generation_Logs\rnn_generation_20241110_021642.log
2024-11-10 02:16:42 - INFO - Using device: cuda
2024-11-10 02:16:42 - INFO - Character mappings loaded successfully
2024-11-10 02:16:42 - INFO - Model loaded successfully
2024-11-10 02:16:42 - INFO - Starting generation for character 'A'
2024-11-10 02:16:43 - INFO - Sample generated word: ALEXPALL
2024-11-10 02:16:43 - INFO - Completed generation for 'A'. Generated 10 words
2024-11-10 02:16:43 - INFO - Starting generation for character 'B'
2024-11-10 02:16:43 - INFO - Completed generation for 'B'. Generated 10 words
2024-11-10 02:16:43 - INFO - Starting generation for character 'C'
2024-11-10 02:16:43 - INFO - Sample generated word: CARINA10
2024-11-10 02:16:43 - INFO - Sample generated word: CADERIAH
2024-11-10 02:16:43 - INFO - Completed generation for 'C'. Generated 10 words
2024-11-10 02:16:43 - INFO - Starting generation for character 'D'
2024-11-10 02:16:43 - INFO - Completed generation for 'D'. Generated 10 words
2024-11-10 02:16:43 - INFO - Starting generation for character 'E'
2024-11-10 02:16:43 - INFO - Sample generated word: ELES2008
2024-11-10 02:16:43 - INFO - Completed generation for 'E'. Generated 10 words
2024-11-10 02:16:43 - INFO - Starting generation for character 'F'
2024-11-10 02:16:43 - INFO - Sample generated word: FARRIE10
2024-11-10 02:16:43 - INFO - Completed generation for 'F'. Generated 10 words
2024-11-10 02:16:43 - INFO - Starting generation for character 'G'
2024-11-10 02:16:43 - INFO - Completed generation for 'G'. Generated 10 words
2024-11-10 02:16:43 - INFO - Starting generation for character 'H'
2024-11-10 02:16:43 - INFO - Completed generation for 'H'. Generated 10 words
2024-11-10 02:16:43 - INFO - Starting generation for character 'I'
2024-11-10 02:16:43 - INFO - Sample generated word: ISCHANAN
2024-11-10 02:16:43 - INFO - Sample generated word: IAMANING
2024-11-10 02:16:43 - INFO - Sample generated word: INTORECE
2024-11-10 02:16:43 - INFO - Completed generation for 'I'. Generated 10 words
2024-11-10 02:16:43 - INFO - Starting generation for character 'J'
2024-11-10 02:16:43 - INFO - Sample generated word: JOELIA13
2024-11-10 02:16:43 - INFO - Completed generation for 'J'. Generated 10 words
2024-11-10 02:16:43 - INFO - Starting generation for character 'K'
2024-11-10 02:16:43 - INFO - Completed generation for 'K'. Generated 10 words
2024-11-10 02:16:43 - INFO - Starting generation for character 'L'
2024-11-10 02:16:43 - INFO - Sample generated word: LILERELL
2024-11-10 02:16:43 - INFO - Sample generated word: LAPALISA
2024-11-10 02:16:43 - INFO - Sample generated word: LLANGTIN
2024-11-10 02:16:43 - INFO - Completed generation for 'L'. Generated 10 words
2024-11-10 02:16:43 - INFO - Starting generation for character 'M'
2024-11-10 02:16:43 - INFO - Sample generated word: MIHOANGE
2024-11-10 02:16:43 - INFO - Completed generation for 'M'. Generated 10 words
2024-11-10 02:16:43 - INFO - Starting generation for character 'N'
2024-11-10 02:16:43 - INFO - Sample generated word: NEOSERED
2024-11-10 02:16:43 - INFO - Completed generation for 'N'. Generated 10 words
2024-11-10 02:16:43 - INFO - Starting generation for character 'O'
2024-11-10 02:16:43 - INFO - Sample generated word: OUTHON02
2024-11-10 02:16:43 - INFO - Completed generation for 'O'. Generated 10 words
2024-11-10 02:16:43 - INFO - Starting generation for character 'P'
2024-11-10 02:16:44 - INFO - Sample generated word: POOLITES
2024-11-10 02:16:44 - INFO - Completed generation for 'P'. Generated 10 words
2024-11-10 02:16:44 - INFO - Starting generation for character 'Q'
2024-11-10 02:16:44 - INFO - Completed generation for 'Q'. Generated 10 words
2024-11-10 02:16:44 - INFO - Starting generation for character 'R'
2024-11-10 02:16:44 - INFO - Sample generated word: REBOLOVE
2024-11-10 02:16:44 - INFO - Completed generation for 'R'. Generated 10 words
2024-11-10 02:16:44 - INFO - Starting generation for character 'S'
2024-11-10 02:16:44 - INFO - Sample generated word: SINDAUNE
2024-11-10 02:16:44 - INFO - Completed generation for 'S'. Generated 10 words
2024-11-10 02:16:44 - INFO - Starting generation for character 'T'
2024-11-10 02:16:44 - INFO - Sample generated word: TOMANDY1
2024-11-10 02:16:44 - INFO - Sample generated word: TINESINE
2024-11-10 02:16:44 - INFO - Completed generation for 'T'. Generated 10 words
2024-11-10 02:16:44 - INFO - Starting generation for character 'U'
2024-11-10 02:16:44 - INFO - Sample generated word: UDHOTSUS
2024-11-10 02:16:44 - INFO - Sample generated word: USADINOL
2024-11-10 02:16:44 - INFO - Completed generation for 'U'. Generated 10 words
2024-11-10 02:16:44 - INFO - Starting generation for character 'V'
2024-11-10 02:16:44 - INFO - Sample generated word: VALINIAS
2024-11-10 02:16:44 - INFO - Completed generation for 'V'. Generated 10 words
2024-11-10 02:16:44 - INFO - Starting generation for character 'W'
2024-11-10 02:16:44 - INFO - Completed generation for 'W'. Generated 10 words
2024-11-10 02:16:44 - INFO - Starting generation for character 'X'
2024-11-10 02:16:44 - INFO - Sample generated word: XTRONTIP
2024-11-10 02:16:44 - INFO - Completed generation for 'X'. Generated 10 words
2024-11-10 02:16:44 - INFO - Starting generation for character 'Y'
2024-11-10 02:16:44 - INFO - Completed generation for 'Y'. Generated 10 words
2024-11-10 02:16:44 - INFO - Starting generation for character 'Z'
2024-11-10 02:16:44 - INFO - Sample generated word: ZUNA7706
2024-11-10 02:16:44 - INFO - Sample generated word: ZANESOLI
2024-11-10 02:16:44 - INFO - Completed generation for 'Z'. Generated 10 words
2024-11-10 02:16:44 - INFO - Starting generation for character 'a'
2024-11-10 02:16:44 - INFO - Sample generated word: akalenia
2024-11-10 02:16:44 - INFO - Completed generation for 'a'. Generated 10 words
2024-11-10 02:16:44 - INFO - Starting generation for character 'b'
2024-11-10 02:16:44 - INFO - Sample generated word: bediline
2024-11-10 02:16:44 - INFO - Completed generation for 'b'. Generated 10 words
2024-11-10 02:16:44 - INFO - Starting generation for character 'c'
2024-11-10 02:16:44 - INFO - Completed generation for 'c'. Generated 10 words
2024-11-10 02:16:44 - INFO - Starting generation for character 'd'
2024-11-10 02:16:44 - INFO - Completed generation for 'd'. Generated 10 words
2024-11-10 02:16:44 - INFO - Starting generation for character 'e'
2024-11-10 02:16:44 - INFO - Completed generation for 'e'. Generated 10 words
2024-11-10 02:16:44 - INFO - Starting generation for character 'f'
2024-11-10 02:16:44 - INFO - Sample generated word: fakita24
2024-11-10 02:16:44 - INFO - Sample generated word: fcalecel
2024-11-10 02:16:44 - INFO - Completed generation for 'f'. Generated 10 words
2024-11-10 02:16:44 - INFO - Starting generation for character 'g'
2024-11-10 02:16:44 - INFO - Sample generated word: grimboy1
2024-11-10 02:16:44 - INFO - Sample generated word: gillotic
2024-11-10 02:16:44 - INFO - Sample generated word: grissies
2024-11-10 02:16:44 - INFO - Completed generation for 'g'. Generated 10 words
2024-11-10 02:16:44 - INFO - Starting generation for character 'h'
2024-11-10 02:16:44 - INFO - Sample generated word: hander12
2024-11-10 02:16:44 - INFO - Sample generated word: hamita29
2024-11-10 02:16:44 - INFO - Completed generation for 'h'. Generated 10 words
2024-11-10 02:16:44 - INFO - Starting generation for character 'i'
2024-11-10 02:16:44 - INFO - Completed generation for 'i'. Generated 10 words
2024-11-10 02:16:44 - INFO - Starting generation for character 'j'
2024-11-10 02:16:45 - INFO - Completed generation for 'j'. Generated 10 words
2024-11-10 02:16:45 - INFO - Starting generation for character 'k'
2024-11-10 02:16:45 - INFO - Sample generated word: kassafer
2024-11-10 02:16:45 - INFO - Sample generated word: krastate
2024-11-10 02:16:45 - INFO - Completed generation for 'k'. Generated 10 words
2024-11-10 02:16:45 - INFO - Starting generation for character 'l'
2024-11-10 02:16:45 - INFO - Sample generated word: lile1974
2024-11-10 02:16:45 - INFO - Completed generation for 'l'. Generated 10 words
2024-11-10 02:16:45 - INFO - Starting generation for character 'm'
2024-11-10 02:16:45 - INFO - Sample generated word: marcocks
2024-11-10 02:16:45 - INFO - Completed generation for 'm'. Generated 10 words
2024-11-10 02:16:45 - INFO - Starting generation for character 'n'
2024-11-10 02:16:45 - INFO - Sample generated word: nowdeard
2024-11-10 02:16:45 - INFO - Completed generation for 'n'. Generated 10 words
2024-11-10 02:16:45 - INFO - Starting generation for character 'o'
2024-11-10 02:16:45 - INFO - Completed generation for 'o'. Generated 10 words
2024-11-10 02:16:45 - INFO - Starting generation for character 'p'
2024-11-10 02:16:45 - INFO - Completed generation for 'p'. Generated 10 words
2024-11-10 02:16:45 - INFO - Starting generation for character 'q'
2024-11-10 02:16:45 - INFO - Completed generation for 'q'. Generated 10 words
2024-11-10 02:16:45 - INFO - Starting generation for character 'r'
2024-11-10 02:16:45 - INFO - Completed generation for 'r'. Generated 10 words
2024-11-10 02:16:45 - INFO - Starting generation for character 's'
2024-11-10 02:16:45 - INFO - Sample generated word: sonerich
2024-11-10 02:16:45 - INFO - Completed generation for 's'. Generated 10 words
2024-11-10 02:16:45 - INFO - Starting generation for character 't'
2024-11-10 02:16:45 - INFO - Sample generated word: tara1962
2024-11-10 02:16:45 - INFO - Completed generation for 't'. Generated 10 words
2024-11-10 02:16:45 - INFO - Starting generation for character 'u'
2024-11-10 02:16:45 - INFO - Sample generated word: usence's
2024-11-10 02:16:45 - INFO - Completed generation for 'u'. Generated 10 words
2024-11-10 02:16:45 - INFO - Starting generation for character 'v'
2024-11-10 02:16:45 - INFO - Sample generated word: vellello
2024-11-10 02:16:45 - INFO - Completed generation for 'v'. Generated 10 words
2024-11-10 02:16:45 - INFO - Starting generation for character 'w'
2024-11-10 02:16:45 - INFO - Sample generated word: wenten11
2024-11-10 02:16:45 - INFO - Completed generation for 'w'. Generated 10 words
2024-11-10 02:16:45 - INFO - Starting generation for character 'x'
2024-11-10 02:16:45 - INFO - Completed generation for 'x'. Generated 10 words
2024-11-10 02:16:45 - INFO - Starting generation for character 'y'
2024-11-10 02:16:45 - INFO - Completed generation for 'y'. Generated 10 words
2024-11-10 02:16:45 - INFO - Starting generation for character 'z'
2024-11-10 02:16:45 - INFO - Completed generation for 'z'. Generated 10 words
2024-11-10 02:16:45 - INFO - Starting special characters generation
2024-11-10 02:16:45 - INFO - Generating words for special character '!'
2024-11-10 02:16:45 - INFO - Sample generated word: !donstar
2024-11-10 02:16:45 - INFO - Generating words for special character '@'
2024-11-10 02:16:45 - INFO - Sample generated word: @lissing
2024-11-10 02:16:45 - INFO - Sample generated word: @listone
2024-11-10 02:16:45 - INFO - Generating words for special character '#'
2024-11-10 02:16:45 - INFO - Generating words for special character '$'
2024-11-10 02:16:45 - INFO - Sample generated word: $taney21
2024-11-10 02:16:45 - INFO - Generating words for special character '%'
2024-11-10 02:16:46 - INFO - Sample generated word: %5601***
2024-11-10 02:16:46 - INFO - Sample generated word: %peora25
2024-11-10 02:16:46 - INFO - Generating words for special character '^'
2024-11-10 02:16:46 - INFO - Sample generated word: ^^Y88408
2024-11-10 02:16:46 - INFO - Sample generated word: ^^^^^^^^
2024-11-10 02:16:46 - INFO - Generating words for special character '&'
2024-11-10 02:16:46 - INFO - Sample generated word: &LOVEMAN
2024-11-10 02:16:46 - INFO - Sample generated word: &choopy*
2024-11-10 02:16:46 - INFO - Generating words for special character '('
2024-11-10 02:16:46 - INFO - Sample generated word: (datest)
2024-11-10 02:16:46 - INFO - Generating words for special character ')'
2024-11-10 02:16:46 - INFO - Generating words for special character '_'
2024-11-10 02:16:46 - INFO - Sample generated word: _LEWNA54
2024-11-10 02:16:46 - INFO - Generating words for special character '+'
2024-11-10 02:16:46 - INFO - Generating words for special character '-'
2024-11-10 02:16:46 - INFO - Sample generated word: -''''''-
2024-11-10 02:16:46 - INFO - Generating words for special character '='
2024-11-10 02:16:46 - INFO - Sample generated word: =yukena4
2024-11-10 02:16:46 - INFO - Completed special characters generation. Total words: 130
2024-11-10 02:16:46 - INFO - Word generation complete for all specified starting characters.
2024-11-10 02:16:46 - INFO - Sample generated word: !STARFOR
2024-11-10 02:16:46 - INFO - Sample generated word: !011995*
2024-11-10 02:16:46 - INFO - Sample generated word: @TILEY12
2024-11-10 02:16:46 - INFO - Sample generated word: @loves05
2024-11-10 02:16:46 - INFO - Sample generated word: #1BULLIE
2024-11-10 02:16:46 - INFO - Sample generated word: %1545283
2024-11-10 02:16:46 - INFO - Sample generated word: %%%%%%08
2024-11-10 02:16:46 - INFO - Sample generated word: &dalley*
2024-11-10 02:16:46 - INFO - Sample generated word: (luves12
2024-11-10 02:16:46 - INFO - Sample generated word: _LINKY'S
2024-11-10 02:16:46 - INFO - Sample generated word: +2511112
2024-11-10 02:16:46 - INFO - Sample generated word: =freeky1
