2024-06-18 22:27:39,076 - INFO - Markov model built successfully.
2024-06-18 22:27:39,084 - INFO - Markov model built successfully.
2024-06-18 22:27:39,125 - INFO - Markov model built successfully.
2024-06-18 22:27:39,125 - INFO - Markov model built successfully.
2024-06-18 22:32:36,093 - ERROR - Error: End of file reached unexpectedly during unpickling.
2024-06-18 22:32:36,334 - INFO - Markov model built successfully.
2024-06-18 22:32:36,381 - INFO - Markov model built successfully.
2024-06-18 22:32:36,384 - INFO - Markov model built successfully.
2024-06-18 22:32:36,391 - INFO - Markov model built successfully.
2024-06-18 22:32:36,406 - INFO - Model state saved successfully.
2024-06-18 22:37:30,972 - ERROR - Error: Password file not found at D:\Osama Khalid\Osama Khalid BSCY 7\FYP Part 1\AI Codes\Filtered_Passwords_Dataset\length_6iltered_words_00000002.txt
2024-06-18 22:37:30,972 - ERROR - Error: No passwords read from the file.
2024-06-18 22:37:52,724 - ERROR - Error: Password file not found at D:\Osama Khalid\Osama Khalid BSCY 7\FYP Part 1\AI Codes\Filtered_Passwords_Dataset\length_6iltered_words_00000002.txt
2024-06-18 22:37:52,724 - ERROR - Error: No passwords read from the file.
2024-06-18 22:37:55,575 - ERROR - Error: Password file not found at D:\Osama Khalid\Osama Khalid BSCY 7\FYP Part 1\AI Codes\Filtered_Passwords_Dataset\length_6iltered_words_00000002.txt
2024-06-18 22:37:55,575 - ERROR - Error: No passwords read from the file.
2024-06-18 22:37:56,445 - ERROR - Error: Password file not found at D:\Osama Khalid\Osama Khalid BSCY 7\FYP Part 1\AI Codes\Filtered_Passwords_Dataset\length_6iltered_words_00000002.txt
2024-06-18 22:37:56,446 - ERROR - Error: No passwords read from the file.
2024-06-18 22:37:57,016 - ERROR - Error: Password file not found at D:\Osama Khalid\Osama Khalid BSCY 7\FYP Part 1\AI Codes\Filtered_Passwords_Dataset\length_6iltered_words_00000002.txt
2024-06-18 22:37:57,016 - ERROR - Error: No passwords read from the file.
2024-06-18 22:37:57,560 - ERROR - Error: Password file not found at D:\Osama Khalid\Osama Khalid BSCY 7\FYP Part 1\AI Codes\Filtered_Passwords_Dataset\length_6iltered_words_00000002.txt
2024-06-18 22:37:57,560 - ERROR - Error: No passwords read from the file.
2024-06-18 22:37:58,034 - ERROR - Error: Password file not found at D:\Osama Khalid\Osama Khalid BSCY 7\FYP Part 1\AI Codes\Filtered_Passwords_Dataset\length_6iltered_words_00000002.txt
2024-06-18 22:37:58,034 - ERROR - Error: No passwords read from the file.
2024-06-18 22:37:58,388 - ERROR - Error: Password file not found at D:\Osama Khalid\Osama Khalid BSCY 7\FYP Part 1\AI Codes\Filtered_Passwords_Dataset\length_6iltered_words_00000002.txt
2024-06-18 22:37:58,388 - ERROR - Error: No passwords read from the file.
2024-06-18 22:37:58,639 - ERROR - Error: Password file not found at D:\Osama Khalid\Osama Khalid BSCY 7\FYP Part 1\AI Codes\Filtered_Passwords_Dataset\length_6iltered_words_00000002.txt
2024-06-18 22:37:58,640 - ERROR - Error: No passwords read from the file.
2024-06-18 22:37:59,508 - ERROR - Error: Password file not found at D:\Osama Khalid\Osama Khalid BSCY 7\FYP Part 1\AI Codes\Filtered_Passwords_Dataset\length_6iltered_words_00000002.txt
2024-06-18 22:37:59,509 - ERROR - Error: No passwords read from the file.
2024-06-18 22:50:14,571 - INFO - Model state loaded successfully.
2024-06-18 22:50:14,573 - INFO - Generated password: J3nahtv0
2024-06-18 22:50:14,573 - INFO - Generated password: McZJNNCL
2024-06-18 22:50:14,573 - INFO - Generated password: XDnvdqPE
2024-06-18 22:50:14,573 - INFO - Generated password: D!CBAD9O
2024-06-18 22:50:14,573 - INFO - Generated password: g8411sdu
2024-06-18 22:50:14,573 - INFO - Generated password: qXxuq7xn
2024-06-18 22:50:14,573 - INFO - Generated password: A25jq4ed
2024-06-18 22:50:14,573 - INFO - Generated password: ap4l7nas
2024-06-18 22:50:14,573 - INFO - Generated password: SkrAGaAG
2024-06-18 22:50:14,573 - INFO - Generated password: 1|221e2K
2024-06-18 22:53:25,105 - INFO - Model state loaded successfully.
2024-06-18 22:53:50,722 - INFO - Model state loaded successfully.
2024-06-18 22:57:28,846 - INFO - Markov model built successfully.
2024-06-18 22:57:32,301 - INFO - Markov model built successfully.
2024-06-18 22:57:32,519 - INFO - Markov model built successfully.
2024-06-18 22:57:32,565 - INFO - Markov model built successfully.
2024-06-18 22:57:32,707 - INFO - Model state saved successfully.
2024-06-18 22:57:32,707 - INFO - File D:\Osama Khalid\Osama Khalid BSCY 7\FYP Part 1\AI Codes\Filtered_Passwords_Dataset\length_6\filtered_words_00000001.txt processed and removed from memory.
2024-06-18 22:57:33,697 - INFO - Markov model built successfully.
2024-06-18 22:57:33,867 - INFO - Markov model built successfully.
2024-06-18 22:57:33,880 - INFO - Markov model built successfully.
2024-06-18 22:57:33,891 - INFO - Markov model built successfully.
2024-06-18 22:57:33,964 - INFO - Model state saved successfully.
2024-06-18 22:57:33,964 - INFO - File D:\Osama Khalid\Osama Khalid BSCY 7\FYP Part 1\AI Codes\Filtered_Passwords_Dataset\length_6\filtered_words_00000002.txt processed and removed from memory.
2024-06-18 22:57:48,085 - INFO - Markov model built successfully.
2024-06-18 22:57:49,076 - INFO - Markov model built successfully.
2024-06-18 22:57:49,545 - INFO - Markov model built successfully.
2024-06-18 22:57:50,123 - INFO - Markov model built successfully.
2024-06-18 22:57:50,253 - INFO - Model state saved successfully.
2024-06-18 22:57:50,253 - INFO - File D:\Osama Khalid\Osama Khalid BSCY 7\FYP Part 1\AI Codes\Filtered_Passwords_Dataset\length_6\filtered_words_00000003.txt processed and removed from memory.
2024-06-18 22:58:03,098 - INFO - Markov model built successfully.
2024-06-18 22:58:05,628 - INFO - Markov model built successfully.
2024-06-18 22:58:06,485 - INFO - Markov model built successfully.
2024-06-18 22:58:06,710 - INFO - Markov model built successfully.
2024-06-18 22:58:06,896 - INFO - Model state saved successfully.
2024-06-18 22:58:06,896 - INFO - File D:\Osama Khalid\Osama Khalid BSCY 7\FYP Part 1\AI Codes\Filtered_Passwords_Dataset\length_6\filtered_words_00000004.txt processed and removed from memory.
2024-06-18 22:58:28,738 - INFO - Markov model built successfully.
2024-06-18 22:58:29,148 - INFO - Markov model built successfully.
2024-06-18 22:58:30,994 - INFO - Markov model built successfully.
2024-06-18 22:58:31,029 - INFO - Markov model built successfully.
2024-06-18 22:58:31,376 - INFO - Model state saved successfully.
2024-06-18 22:58:31,376 - INFO - File D:\Osama Khalid\Osama Khalid BSCY 7\FYP Part 1\AI Codes\Filtered_Passwords_Dataset\length_6\filtered_words_00000005.txt processed and removed from memory.
2024-06-18 22:58:50,172 - INFO - Markov model built successfully.
2024-06-18 22:58:53,911 - INFO - Markov model built successfully.
2024-06-18 22:58:53,958 - INFO - Markov model built successfully.
2024-06-18 22:58:54,039 - INFO - Markov model built successfully.
2024-06-18 22:58:54,181 - INFO - Model state saved successfully.
2024-06-18 22:58:54,181 - INFO - File D:\Osama Khalid\Osama Khalid BSCY 7\FYP Part 1\AI Codes\Filtered_Passwords_Dataset\length_6\filtered_words_00000006.txt processed and removed from memory.
2024-06-18 22:59:13,776 - INFO - Markov model built successfully.
2024-06-18 22:59:15,488 - INFO - Markov model built successfully.
2024-06-18 22:59:16,606 - INFO - Markov model built successfully.
2024-06-18 22:59:17,239 - INFO - Markov model built successfully.
2024-06-18 22:59:17,448 - INFO - Model state saved successfully.
2024-06-18 22:59:17,448 - INFO - File D:\Osama Khalid\Osama Khalid BSCY 7\FYP Part 1\AI Codes\Filtered_Passwords_Dataset\length_6\filtered_words_00000007.txt processed and removed from memory.
2024-06-18 22:59:33,450 - INFO - Markov model built successfully.
2024-06-18 22:59:33,968 - INFO - Markov model built successfully.
2024-06-18 22:59:34,058 - INFO - Markov model built successfully.
2024-06-18 22:59:34,770 - INFO - Markov model built successfully.
2024-06-18 22:59:34,959 - INFO - Model state saved successfully.
2024-06-18 22:59:34,959 - INFO - File D:\Osama Khalid\Osama Khalid BSCY 7\FYP Part 1\AI Codes\Filtered_Passwords_Dataset\length_6\filtered_words_00000008.txt processed and removed from memory.
2024-06-18 22:59:54,972 - INFO - Markov model built successfully.
2024-06-18 22:59:55,964 - INFO - Markov model built successfully.
2024-06-18 22:59:56,649 - INFO - Markov model built successfully.
2024-06-18 22:59:56,911 - INFO - Markov model built successfully.
2024-06-18 22:59:57,062 - INFO - Model state saved successfully.
2024-06-18 22:59:57,062 - INFO - File D:\Osama Khalid\Osama Khalid BSCY 7\FYP Part 1\AI Codes\Filtered_Passwords_Dataset\length_6\filtered_words_00000009.txt processed and removed from memory.
2024-06-18 23:00:19,072 - INFO - Markov model built successfully.
2024-06-18 23:00:20,769 - INFO - Markov model built successfully.
2024-06-18 23:00:23,421 - INFO - Markov model built successfully.
2024-06-18 23:00:23,485 - INFO - Markov model built successfully.
2024-06-18 23:00:23,746 - INFO - Model state saved successfully.
2024-06-18 23:00:23,746 - INFO - File D:\Osama Khalid\Osama Khalid BSCY 7\FYP Part 1\AI Codes\Filtered_Passwords_Dataset\length_6\filtered_words_00000010.txt processed and removed from memory.
2024-06-18 23:00:35,091 - INFO - Markov model built successfully.
2024-06-18 23:00:35,688 - INFO - Markov model built successfully.
2024-06-18 23:00:35,863 - INFO - Markov model built successfully.
2024-06-18 23:00:36,160 - INFO - Markov model built successfully.
2024-06-18 23:00:36,326 - INFO - Model state saved successfully.
2024-06-18 23:00:36,326 - INFO - File D:\Osama Khalid\Osama Khalid BSCY 7\FYP Part 1\AI Codes\Filtered_Passwords_Dataset\length_6\filtered_words_00000011.txt processed and removed from memory.
2024-06-18 23:00:53,221 - INFO - Markov model built successfully.
2024-06-18 23:00:54,144 - INFO - Markov model built successfully.
2024-06-18 23:00:54,703 - INFO - Markov model built successfully.
2024-06-18 23:00:55,031 - INFO - Markov model built successfully.
2024-06-18 23:00:55,172 - INFO - Model state saved successfully.
2024-06-18 23:00:55,172 - INFO - File D:\Osama Khalid\Osama Khalid BSCY 7\FYP Part 1\AI Codes\Filtered_Passwords_Dataset\length_6\filtered_words_00000012.txt processed and removed from memory.
2024-06-18 23:01:11,533 - INFO - Markov model built successfully.
2024-06-18 23:01:12,362 - INFO - Markov model built successfully.
2024-06-18 23:01:14,013 - INFO - Markov model built successfully.
2024-06-18 23:01:14,191 - INFO - Markov model built successfully.
2024-06-18 23:01:14,389 - INFO - Model state saved successfully.
2024-06-18 23:01:14,389 - INFO - File D:\Osama Khalid\Osama Khalid BSCY 7\FYP Part 1\AI Codes\Filtered_Passwords_Dataset\length_6\filtered_words_00000013.txt processed and removed from memory.
2024-06-18 23:01:29,170 - INFO - Markov model built successfully.
2024-06-18 23:01:29,220 - INFO - Markov model built successfully.
2024-06-18 23:01:30,857 - INFO - Markov model built successfully.
2024-06-18 23:01:31,167 - INFO - Markov model built successfully.
2024-06-18 23:01:31,352 - INFO - Model state saved successfully.
2024-06-18 23:01:31,352 - INFO - File D:\Osama Khalid\Osama Khalid BSCY 7\FYP Part 1\AI Codes\Filtered_Passwords_Dataset\length_6\filtered_words_00000014.txt processed and removed from memory.
2024-06-18 23:01:48,702 - INFO - Markov model built successfully.
2024-06-18 23:01:50,017 - INFO - Markov model built successfully.
2024-06-18 23:01:51,241 - INFO - Markov model built successfully.
2024-06-18 23:01:51,914 - INFO - Markov model built successfully.
2024-06-18 23:01:52,067 - INFO - Model state saved successfully.
2024-06-18 23:01:52,067 - INFO - File D:\Osama Khalid\Osama Khalid BSCY 7\FYP Part 1\AI Codes\Filtered_Passwords_Dataset\length_6\filtered_words_00000015.txt processed and removed from memory.
2024-06-18 23:02:07,711 - INFO - Markov model built successfully.
2024-06-18 23:02:08,835 - INFO - Markov model built successfully.
2024-06-18 23:02:09,041 - INFO - Markov model built successfully.
2024-06-18 23:02:09,514 - INFO - Markov model built successfully.
2024-06-18 23:02:09,713 - INFO - Model state saved successfully.
2024-06-18 23:02:09,713 - INFO - File D:\Osama Khalid\Osama Khalid BSCY 7\FYP Part 1\AI Codes\Filtered_Passwords_Dataset\length_6\filtered_words_00000016.txt processed and removed from memory.
2024-06-18 23:02:23,834 - INFO - Markov model built successfully.
2024-06-18 23:02:24,135 - INFO - Markov model built successfully.
2024-06-18 23:02:25,125 - INFO - Markov model built successfully.
2024-06-18 23:02:25,407 - INFO - Markov model built successfully.
2024-06-18 23:02:25,594 - INFO - Model state saved successfully.
2024-06-18 23:02:25,594 - INFO - File D:\Osama Khalid\Osama Khalid BSCY 7\FYP Part 1\AI Codes\Filtered_Passwords_Dataset\length_6\filtered_words_00000017.txt processed and removed from memory.
2024-06-18 23:02:38,745 - INFO - Markov model built successfully.
2024-06-18 23:02:41,400 - INFO - Markov model built successfully.
2024-06-18 23:02:41,608 - INFO - Markov model built successfully.
2024-06-18 23:02:42,030 - INFO - Markov model built successfully.
2024-06-18 23:02:42,167 - INFO - Model state saved successfully.
2024-06-18 23:02:42,167 - INFO - File D:\Osama Khalid\Osama Khalid BSCY 7\FYP Part 1\AI Codes\Filtered_Passwords_Dataset\length_6\filtered_words_00000018.txt processed and removed from memory.
2024-06-18 23:02:54,347 - INFO - Markov model built successfully.
2024-06-18 23:02:55,213 - INFO - Markov model built successfully.
2024-06-18 23:02:55,349 - INFO - Markov model built successfully.
2024-06-18 23:02:55,693 - INFO - Markov model built successfully.
2024-06-18 23:02:55,861 - INFO - Model state saved successfully.
2024-06-18 23:02:55,861 - INFO - File D:\Osama Khalid\Osama Khalid BSCY 7\FYP Part 1\AI Codes\Filtered_Passwords_Dataset\length_6\filtered_words_00000019.txt processed and removed from memory.
2024-06-18 23:03:09,221 - INFO - Markov model built successfully.
2024-06-18 23:03:12,106 - INFO - Markov model built successfully.
2024-06-18 23:03:13,436 - INFO - Markov model built successfully.
2024-06-18 23:03:14,035 - INFO - Markov model built successfully.
2024-06-18 23:03:14,245 - INFO - Model state saved successfully.
2024-06-18 23:03:14,245 - INFO - File D:\Osama Khalid\Osama Khalid BSCY 7\FYP Part 1\AI Codes\Filtered_Passwords_Dataset\length_6\filtered_words_00000020.txt processed and removed from memory.
2024-06-18 23:03:39,505 - INFO - Markov model built successfully.
2024-06-18 23:03:40,424 - INFO - Markov model built successfully.
2024-06-18 23:03:45,234 - INFO - Markov model built successfully.
2024-06-18 23:03:46,993 - INFO - Markov model built successfully.
2024-06-18 23:03:47,194 - INFO - Model state saved successfully.
2024-06-18 23:03:47,194 - INFO - File D:\Osama Khalid\Osama Khalid BSCY 7\FYP Part 1\AI Codes\Filtered_Passwords_Dataset\length_6\filtered_words_00000021.txt processed and removed from memory.
2024-06-18 23:04:29,178 - INFO - Markov model built successfully.
2024-06-18 23:04:32,090 - INFO - Markov model built successfully.
2024-06-18 23:04:37,981 - INFO - Markov model built successfully.
2024-06-18 23:04:40,207 - INFO - Markov model built successfully.
2024-06-18 23:04:40,668 - INFO - Model state saved successfully.
2024-06-18 23:04:40,668 - INFO - File D:\Osama Khalid\Osama Khalid BSCY 7\FYP Part 1\AI Codes\Filtered_Passwords_Dataset\length_6\filtered_words_00000022.txt processed and removed from memory.
2024-06-18 23:05:15,425 - INFO - Markov model built successfully.
2024-06-18 23:05:17,821 - INFO - Markov model built successfully.
2024-06-18 23:05:18,925 - INFO - Markov model built successfully.
2024-06-18 23:05:21,861 - INFO - Markov model built successfully.
2024-06-18 23:05:22,245 - INFO - Model state saved successfully.
2024-06-18 23:05:22,245 - INFO - File D:\Osama Khalid\Osama Khalid BSCY 7\FYP Part 1\AI Codes\Filtered_Passwords_Dataset\length_6\filtered_words_00000023.txt processed and removed from memory.
2024-06-18 23:05:58,999 - INFO - Markov model built successfully.
2024-06-18 23:06:02,523 - INFO - Markov model built successfully.
2024-06-18 23:06:06,434 - INFO - Markov model built successfully.
2024-06-18 23:06:07,788 - INFO - Markov model built successfully.
2024-06-18 23:06:08,046 - INFO - Model state saved successfully.
2024-06-18 23:06:08,046 - INFO - File D:\Osama Khalid\Osama Khalid BSCY 7\FYP Part 1\AI Codes\Filtered_Passwords_Dataset\length_6\filtered_words_00000024.txt processed and removed from memory.
2024-06-18 23:06:44,405 - INFO - Markov model built successfully.
2024-06-18 23:06:47,161 - INFO - Markov model built successfully.
2024-06-18 23:06:47,589 - INFO - Markov model built successfully.
2024-06-18 23:06:49,467 - INFO - Markov model built successfully.
2024-06-18 23:06:49,839 - INFO - Model state saved successfully.
2024-06-18 23:06:49,840 - INFO - File D:\Osama Khalid\Osama Khalid BSCY 7\FYP Part 1\AI Codes\Filtered_Passwords_Dataset\length_6\filtered_words_00000025.txt processed and removed from memory.
2024-06-18 23:07:39,446 - INFO - Markov model built successfully.
2024-06-18 23:07:40,407 - INFO - Markov model built successfully.
2024-06-18 23:07:40,472 - INFO - Markov model built successfully.
2024-06-18 23:07:41,070 - INFO - Markov model built successfully.
2024-06-18 23:07:41,476 - INFO - Model state saved successfully.
2024-06-18 23:07:41,476 - INFO - File D:\Osama Khalid\Osama Khalid BSCY 7\FYP Part 1\AI Codes\Filtered_Passwords_Dataset\length_6\filtered_words_00000026.txt processed and removed from memory.
2024-06-18 23:08:27,685 - INFO - Model state loaded successfully.
2024-06-18 23:08:42,075 - INFO - Markov model built successfully.
2024-06-18 23:08:44,577 - INFO - Markov model built successfully.
2024-06-18 23:08:46,743 - INFO - Markov model built successfully.
2024-06-18 23:08:47,729 - INFO - Markov model built successfully.
2024-06-18 23:13:21,518 - ERROR - Error occurred while loading model state: 
---------------------------------------------------------------------------
Traceback (most recent call last):
  File "c:\Users\Osama Khalid\AppData\Local\Programs\Python\Python312\Lib\multiprocessing\managers.py", line 253, in serve_client
    request = recv()
              ^^^^^^
  File "c:\Users\Osama Khalid\AppData\Local\Programs\Python\Python312\Lib\multiprocessing\connection.py", line 251, in recv
    return _ForkingPickler.loads(buf.getbuffer())
           ^^^^^^^^^^^^^^^^^^^^^^^^^^^^^^^^^^^^^^
AttributeError: Can't get attribute 'default_dict' on <module '__main__' (<class '_frozen_importlib.BuiltinImporter'>)>
---------------------------------------------------------------------------
2024-06-18 23:13:21,529 - INFO - Starting with a new model.
2024-06-18 23:16:13,239 - ERROR - Error occurred while loading model state: 
---------------------------------------------------------------------------
Traceback (most recent call last):
  File "c:\Users\Osama Khalid\AppData\Local\Programs\Python\Python312\Lib\multiprocessing\managers.py", line 253, in serve_client
    request = recv()
              ^^^^^^
  File "c:\Users\Osama Khalid\AppData\Local\Programs\Python\Python312\Lib\multiprocessing\connection.py", line 251, in recv
    return _ForkingPickler.loads(buf.getbuffer())
           ^^^^^^^^^^^^^^^^^^^^^^^^^^^^^^^^^^^^^^
AttributeError: Can't get attribute 'default_dict' on <module '__main__' (<class '_frozen_importlib.BuiltinImporter'>)>
---------------------------------------------------------------------------
2024-06-18 23:16:13,250 - INFO - Starting with a new model.
2024-06-18 23:17:59,413 - INFO - Model state loaded successfully.
2024-06-18 23:19:23,842 - ERROR - Error: Model file not found.
2024-06-18 23:19:23,842 - INFO - Starting with a new model.
