H:\OUTPUTTXT\5-sorted.uniq
H:\OUTPUTTXT\6-sorted.uniq.part0.txt
H:\OUTPUTTXT\7-sorted.uniq
H:\OUTPUTTXT\8-sorted.uniq
H:\OUTPUTTXT\ASLM.txt
H:\OUTPUTTXT\Custom-WPA
H:\OUTPUTTXT\READ.ME.!!.txt
H:\OUTPUTTXT\realuniq.lst
H:\OUTPUTTXT\rockyou.txt
H:\OUTPUTTXT\special.txt
H:\OUTPUTTXT\Super-WPA.txt
H:\OUTPUTTXT\top100-vn-passwords.txt
H:\OUTPUTTXT\top10k-vn-passwords.txt
H:\OUTPUTTXT\Top1378-probable-WPA.txt
H:\OUTPUTTXT\top1k-vn-passwords.txt
H:\OUTPUTTXT\top1million-vn-passwords.txt
H:\OUTPUTTXT\Top57Thou-probable-WPA.txt
H:\OUTPUTTXT\wifimaps-wordlist.dic
C:\Users\Osama Khalid\Desktop\passdic\sorted-wordlist.txt
F:\passdic\rockyou2021.txt
